<?xml version="1.0" encoding="UTF-8"?>
<!-- Generated by org.testng.reporters.JUnitReportReporter -->
<testsuite skipped="0" hostname="Heinzs-MacBook-Pro.local" name="example.NewTest" tests="1" failures="0" timestamp="09 Jun 2017 11:08:22 GMT" time="3.391" errors="0">
  <testcase name="firmtecWebsite" time="3.391" classname="example.NewTest"/>
</testsuite> <!-- example.NewTest -->
