<?xml version="1.0" encoding="UTF-8"?>
<!-- Generated by org.testng.reporters.JUnitReportReporter -->
<testsuite skipped="0" hostname="Heinzs-MBP.fritz.box" name="example.NewTest" tests="1" failures="0" timestamp="06 Jun 2017 19:52:58 GMT" time="4.805" errors="0">
  <testcase name="f" time="4.805" classname="example.NewTest"/>
</testsuite> <!-- example.NewTest -->
