<?xml version="1.0" encoding="UTF-8"?>
<!-- Generated by org.testng.reporters.JUnitReportReporter -->
<testsuite skipped="0" hostname="Heinzs-MBP.fritz.box" name="example.NewTest" tests="1" failures="0" timestamp="31 Mai 2017 19:58:49 GMT" time="6.402" errors="0">
  <testcase name="f" time="6.402" classname="example.NewTest"/>
</testsuite> <!-- example.NewTest -->
